date: "2014-08-18 16:58:14.937"
argv: node /usr/bin/hexo generate
os: Linux 3.2.0-23-generic-pae linux ia32
versions:
  http_parser: "1.0"
  node: 0.10.30
  v8: 3.14.5.9
  ares: 1.9.0-DEV
  uv: 0.10.28
  zlib: 1.2.3
  modules: "11"
  openssl: 1.0.1h
  hexo: 2.8.2
---
[debug] 16:58:14.458 Config file loaded from /home/vagrant/app/_config.yml[debug] 16:58:14.464 Version info checked successfully[debug] 16:58:14.547 Processed: draft.md (7ms)[debug] 16:58:14.547 Processed: page.md (6ms)[debug] 16:58:14.550 Processed: photo.md (9ms)[debug] 16:58:14.550 Processed: post.md (8ms)[debug] 16:58:14.783 Processed: gruppy/index.md (0ms)[debug] 16:58:14.784 Processed: kak-eto-rabotaet/index.md (1ms)[debug] 16:58:14.784 Processed: konsultaciya-chy-psihoterapiya/index.md (0ms)[debug] 16:58:14.784 Processed: konsultaciya-ili-psychoterapiya/index.md (0ms)[debug] 16:58:14.785 Processed: kontakty/index.md (1ms)[debug] 16:58:14.785 Processed: obrazovanie/index.md (0ms)[debug] 16:58:14.785 Processed: osvita/index.md (0ms)[debug] 16:58:14.786 Processed: param/index.md (1ms)[debug] 16:58:14.786 Processed: s-kem-i-chem-ya-rabotaju/index.md (0ms)[debug] 16:58:14.786 Processed: terapevtychny-grupy/index.md (0ms)[debug] 16:58:14.787 Processed: yak-ce-pracjue/index.md (1ms)[debug] 16:58:14.787 Processed: z-kym-i-z-chym-ya-pracuiu/index.md (0ms)[debug] 16:58:14.824 Processed: source/CNAME (1ms)[debug] 16:58:14.824 Processed: source/nana.jpg (0ms)[debug] 16:58:14.824 Processed: source/nana_s.jpg (0ms)[debug] 16:58:14.825 Processed: source/fancybox/blank.gif (1ms)[debug] 16:58:14.825 Processed: source/fancybox/fancybox_loading.gif (0ms)[debug] 16:58:14.825 Processed: source/fancybox/fancybox_loading@2x.gif (0ms)[debug] 16:58:14.826 Processed: source/fancybox/fancybox_overlay.png (1ms)[debug] 16:58:14.826 Processed: source/fancybox/fancybox_sprite.png (0ms)[debug] 16:58:14.827 Processed: source/fancybox/fancybox_sprite@2x.png (1ms)[debug] 16:58:14.827 Processed: source/fancybox/jquery.fancybox.css (0ms)[debug] 16:58:14.827 Processed: source/fancybox/jquery.fancybox.pack.js (0ms)[debug] 16:58:14.828 Processed: source/js/gallery.js (1ms)[debug] 16:58:14.828 Processed: source/js/jquery.imagesloaded.min.js (0ms)[debug] 16:58:14.829 Processed: source/css/bootstrap.min.css (1ms)[debug] 16:58:14.829 Processed: source/css/style.styl (0ms)[debug] 16:58:14.829 Processed: source/css/_base/layout.styl (0ms)[debug] 16:58:14.829 Processed: source/css/_base/utils.styl (0ms)[debug] 16:58:14.831 Processed: source/css/_base/variable.styl (1ms)[debug] 16:58:14.831 Processed: source/css/_partial/archive.styl (0ms)[debug] 16:58:14.831 Processed: source/css/_partial/article.styl (0ms)[debug] 16:58:14.831 Processed: source/css/_partial/comment.styl (0ms)[debug] 16:58:14.831 Processed: source/css/_partial/footer.styl (0ms)[debug] 16:58:14.831 Processed: source/css/_partial/header.styl (0ms)[debug] 16:58:14.832 Processed: source/css/_partial/index.styl (0ms)[debug] 16:58:14.832 Processed: source/css/_partial/sidebar.styl (0ms)[debug] 16:58:14.832 Processed: source/css/_partial/syntax.styl (0ms)[debug] 16:58:14.832 Processed: source/css/font/fontawesome-webfont.eot (0ms)[debug] 16:58:14.877 Processed: source/css/font/fontawesome-webfont.svg (45ms)[debug] 16:58:14.877 Processed: source/css/font/fontawesome-webfont.ttf (0ms)[debug] 16:58:14.877 Processed: source/css/font/fontawesome-webfont.woff (0ms)[debug] 16:58:14.905 Processed: layout/archive.ejs (117ms)[debug] 16:58:14.905 Processed: layout/category.ejs (115ms)[debug] 16:58:14.905 Processed: layout/index.ejs (114ms)[debug] 16:58:14.905 Processed: layout/layout.ejs (113ms)[debug] 16:58:14.905 Processed: layout/page.ejs (112ms)[debug] 16:58:14.905 Processed: layout/post.ejs (110ms)[debug] 16:58:14.905 Processed: layout/tag.ejs (110ms)[debug] 16:58:14.905 Processed: layout/_widget/category.ejs (108ms)[debug] 16:58:14.905 Processed: layout/_widget/recent_posts.ejs (107ms)[debug] 16:58:14.905 Processed: layout/_widget/search.ejs (105ms)[debug] 16:58:14.905 Processed: layout/_widget/share.ejs (104ms)[debug] 16:58:14.905 Processed: layout/_widget/tag.ejs (102ms)[debug] 16:58:14.905 Processed: layout/_widget/tagcloud.ejs (101ms)[debug] 16:58:14.905 Processed: layout/_partial/after_footer.ejs (100ms)[debug] 16:58:14.905 Processed: layout/_partial/archive.ejs (99ms)[debug] 16:58:14.905 Processed: layout/_partial/article.ejs (98ms)[debug] 16:58:14.905 Processed: layout/_partial/comment.ejs (97ms)[debug] 16:58:14.906 Processed: layout/_partial/facebook_comment.ejs (96ms)[debug] 16:58:14.906 Processed: layout/_partial/footer.ejs (95ms)[debug] 16:58:14.906 Processed: layout/_partial/google_analytics.ejs (94ms)[debug] 16:58:14.906 Processed: layout/_partial/head.ejs (93ms)[debug] 16:58:14.906 Processed: layout/_partial/header.ejs (92ms)[debug] 16:58:14.906 Processed: layout/_partial/pagination.ejs (91ms)[debug] 16:58:14.906 Processed: layout/_partial/sidebar.ejs (90ms)[debug] 16:58:14.906 Processed: layout/_partial/post/category.ejs (89ms)[debug] 16:58:14.906 Processed: layout/_partial/post/gallery.ejs (89ms)[debug] 16:58:14.906 Processed: layout/_partial/post/share.ejs (87ms)[debug] 16:58:14.906 Processed: layout/_partial/post/tag.ejs (86ms)[debug] 16:58:14.906 Processed: layout/_partial/post/title.ejs (84ms)[debug] 16:58:14.919 Theme config loaded[debug] 16:58:14.919 Processed: _config.yml (131ms)[error] 16:58:14.920 { name: 'HexoError',
  reason: 'incomplete explicit mapping pair; a key node is missed',
  mark: 
   { name: null,
     buffer: 'categories: Категории\nsearch: Поиск\ntags: Теги\ntagcloud: Tag Cloud\ntweets: Tweets\nprev: Предыдущая\nnext: Следующая\ncomment: Комментарии\narchive_a: Посты\narchive_b: Посты: %s\npage: Страница %d\nrecent_posts: Блог\n\u0000',
     position: 169,
     line: 9,
     column: 16 },
  message: 'Process failed: languages/default.yml',
  domain: 
   { domain: null,
     _events: { error: [Function] },
     _maxListeners: 10,
     members: [ [Object] ] },
  domainThrown: true,
  stack: undefined }